Build started 9/14/2014 7:21:53 PM.
     1>Project "c:\Users\Ioan\documents\visual studio 2013\Projects\QueueSimulation\QueueSimulation\QueueSimulation.vcxproj" on node 2 (Build target(s)).
     1>ClCompile:
         C:\Program Files (x86)\Microsoft Visual Studio 12.0\VC\bin\CL.exe /c /ZI /nologo /W3 /WX- /sdl /Od /Oy- /D _MBCS /Gm /EHsc /RTC1 /MDd /GS /fp:precise /Zc:wchar_t /Zc:forScope /Fo"Debug\\" /Fd"Debug\vc120.pdb" /Gd /TP /analyze- /errorReport:prompt Main.cpp Store.cpp
         Store.cpp
     1>c:\users\ioan\documents\visual studio 2013\projects\queuesimulation\queuesimulation\store.h(61): warning C4244: '=' : conversion from 'int' to 'float', possible loss of data
     1>c:\users\ioan\documents\visual studio 2013\projects\queuesimulation\queuesimulation\store.cpp(8): warning C4244: 'argument' : conversion from 'time_t' to 'unsigned int', possible loss of data
     1>c:\users\ioan\documents\visual studio 2013\projects\queuesimulation\queuesimulation\store.cpp(79): warning C4018: '<' : signed/unsigned mismatch
         Generating Code...
         Compiling...
         Main.cpp
     1>c:\users\ioan\documents\visual studio 2013\projects\queuesimulation\queuesimulation\store.h(61): warning C4244: '=' : conversion from 'int' to 'float', possible loss of data
         Generating Code...
       Link:
         C:\Program Files (x86)\Microsoft Visual Studio 12.0\VC\bin\link.exe /ERRORREPORT:PROMPT /OUT:"c:\users\ioan\documents\visual studio 2013\Projects\QueueSimulation\Debug\QueueSimulation.exe" /INCREMENTAL /NOLOGO kernel32.lib user32.lib gdi32.lib winspool.lib comdlg32.lib advapi32.lib shell32.lib ole32.lib oleaut32.lib uuid.lib odbc32.lib odbccp32.lib /MANIFEST /MANIFESTUAC:"level='asInvoker' uiAccess='false'" /manifest:embed /DEBUG /PDB:"c:\users\ioan\documents\visual studio 2013\Projects\QueueSimulation\Debug\QueueSimulation.pdb" /TLBID:1 /DYNAMICBASE /NXCOMPAT /IMPLIB:"c:\users\ioan\documents\visual studio 2013\Projects\QueueSimulation\Debug\QueueSimulation.lib" /MACHINE:X86 Debug\Main.obj
         Debug\Queue.obj
         Debug\Store.obj
         QueueSimulation.vcxproj -> c:\users\ioan\documents\visual studio 2013\Projects\QueueSimulation\Debug\QueueSimulation.exe
     1>Done Building Project "c:\Users\Ioan\documents\visual studio 2013\Projects\QueueSimulation\QueueSimulation\QueueSimulation.vcxproj" (Build target(s)).

Build succeeded.

Time Elapsed 00:00:01.09
